<?xml version="1.0" encoding="UTF-8"?>
<!-- Generated by org.testng.reporters.JUnitReportReporter -->
<testsuite skipped="0" hostname="DESKTOP-1KMUPCO" name="org.testng.sample" tests="3" failures="0" timestamp="07 Mar 2023 12:09:16 GMT" time="41.918" errors="0">
  <testcase name="tc1" time="15.638" classname="org.testng.sample"/>
  <testcase name="tc2" time="13.496" classname="org.testng.sample"/>
  <testcase name="tc3" time="12.784" classname="org.testng.sample"/>
</testsuite> <!-- org.testng.sample -->
